<?xml version="1.0" encoding="UTF-8"?>
<!-- Generated by org.testng.reporters.JUnitReportReporter -->
<testsuite hostname="JOGI" failures="0" tests="1" name="egifts.GiftaFriend" time="30.790" errors="0" timestamp="2023-10-09T22:02:19 IST" skipped="0">
  <testcase classname="egifts.GiftaFriend" name="giftf" time="30.790"/>
</testsuite> <!-- egifts.GiftaFriend -->
