<?xml version="1.0" encoding="UTF-8"?>
<!-- Generated by org.testng.reporters.JUnitReportReporter -->
<testsuite hostname="JOGI" failures="0" tests="1" name="egifts.EditProfile" time="30.341" errors="0" timestamp="2023-10-09T22:02:19 IST" skipped="0">
  <testcase classname="egifts.EditProfile" name="edit" time="30.341"/>
</testsuite> <!-- egifts.EditProfile -->
