<?xml version="1.0" encoding="UTF-8"?>
<!-- Generated by org.testng.reporters.JUnitReportReporter -->
<testsuite hostname="DESKTOP-AEP890I" failures="0" tests="1" name="com.selenium.test.LoginPagetest" time="0.032" errors="0" timestamp="2022-10-04T14:02:49 IST" skipped="0">
  <testcase classname="com.selenium.test.LoginPagetest" name="login" time="0.032"/>
  <system-out/>
</testsuite> <!-- com.selenium.test.LoginPagetest -->
