<?xml version="1.0" encoding="UTF-8"?>
<!-- Generated by org.testng.reporters.JUnitReportReporter -->
<testsuite hostname="JOGI" failures="0" tests="1" name="coinyodha.imanage" time="76.421" errors="0" timestamp="2023-10-15T19:57:01 IST" skipped="0">
  <testcase classname="coinyodha.imanage" name="manage" time="76.421"/>
</testsuite> <!-- coinyodha.imanage -->
