<?xml version="1.0" encoding="UTF-8"?>
<!-- Generated by org.testng.reporters.JUnitReportReporter -->
<testsuite hostname="JOGI" failures="0" tests="1" name="egifts.SearchG" time="19.987" errors="0" timestamp="2023-10-09T22:02:19 IST" skipped="0">
  <testcase classname="egifts.SearchG" name="search" time="19.987"/>
</testsuite> <!-- egifts.SearchG -->
