<?xml version="1.0" encoding="UTF-8"?>
<!-- Generated by org.testng.reporters.JUnitReportReporter -->
<testsuite hostname="DESKTOP-H90DJGG" failures="0" tests="1" name="Automation.Keyutech.base" time="21.931" errors="0" timestamp="2022-04-04T13:42:20 IST" skipped="0">
  <testcase classname="Automation.Keyutech.base" name="anu" time="21.931"/>
  <system-out/>
</testsuite> <!-- Automation.Keyutech.base -->
