<?xml version="1.0" encoding="UTF-8"?>
<!-- Generated by org.testng.reporters.JUnitReportReporter -->
<testsuite hostname="DESKTOP-H90DJGG" failures="0" tests="1" name="com.selenium.test.StoreGiftCardTest" time="18.529" errors="0" timestamp="2022-04-24T21:30:20 IST" skipped="0">
  <testcase classname="com.selenium.test.StoreGiftCardTest" name="StoreGift" time="18.529"/>
  <system-out/>
</testsuite> <!-- com.selenium.test.StoreGiftCardTest -->
